2024-09-20 16:40:21,010 - INFO - Loading data...
2024-09-20 16:41:18,899 - INFO - Loading data...
2024-09-20 16:41:19,426 - INFO - Data loaded successfully.
2024-09-20 16:48:01,476 - INFO - First 5 rows of the training data (train_data)
2024-09-20 16:49:03,138 - INFO - First 5 rows of the testing data (test_data)
2024-09-20 16:49:35,534 - INFO - First 5 rows of the store data (store_data)
2024-09-20 17:02:31,570 - INFO - train_data.info()
2024-09-20 17:03:46,851 - INFO - test_data.info()
2024-09-20 17:03:53,839 - INFO - store_data.info()
2024-09-20 17:13:40,267 - INFO - Shape of data
2024-09-20 17:48:41,010 - INFO - Merge train data with store data
2024-09-20 17:51:06,483 - INFO - First 5 rows of the merged train data (train_df)
2024-09-20 17:52:42,660 - INFO - Merge train and test data with store data
2024-09-20 17:53:51,827 - INFO - First 5 rows of the merged test data (test_df)
2024-09-20 17:56:27,771 - INFO - train_df.info()
2024-09-20 17:56:58,777 - INFO - test_df.info()
2024-09-20 17:59:17,433 - INFO - Shape of merged data
2024-09-20 18:08:07,000 - INFO - summary of statistical metrics for numerical columns of merged train data
2024-09-20 18:08:47,512 - INFO - summary of statistical metrics for numerical columns of merged test data
2024-09-20 18:13:32,103 - INFO - Total Null values for merged test data
2024-09-20 18:14:35,019 - INFO - Total Null values for merged train data
2024-09-20 18:15:01,573 - INFO - Total Null values for merged test data
2024-09-20 18:17:01,494 - INFO - Calculate the percentage of missing values in each column merged train data
2024-09-20 18:17:43,708 - INFO - Calculate the percentage of missing values in each column merged test data
2024-09-20 18:21:00,816 - INFO - Checking for Duplicated Rows
2024-09-20 18:36:01,287 - INFO - Calculate unique values for object type columns in train data
2024-09-20 18:36:08,313 - INFO - Calculate unique values for object type columns in test data
2024-09-20 18:39:08,142 - INFO - Calculate unique values for object type columns in train data
